[INFO] 2023-05-11 18:33:52,205 [main]  com.zensar.automation.library.TestPropReader loadAllProperties - Loading all properties in progress..
[INFO] 2023-05-11 18:33:52,207 [main]  com.zensar.automation.framework.library.PropertyReader loadDefaultProperties - Loading default properties file...
[DEBUG] 2023-05-11 18:33:52,208 [main]  com.zensar.automation.framework.library.PropertyReader loadDefaultProperties - Default properties file path=.\Default.properties
[INFO] 2023-05-11 18:33:52,209 [main]  com.zensar.automation.framework.library.PropertyReader loadDefaultProperties - loading completed for Default properties
[INFO] 2023-05-11 18:33:52,209 [main]  com.zensar.automation.framework.library.PropertyReader loadGameProperties - Loading Test Environment properties file..
[DEBUG] 2023-05-11 18:33:52,210 [main]  com.zensar.automation.framework.library.PropertyReader loadGameProperties - Test Environment properties file path=./WildCatch\Config\TestEnv.properties
[INFO] 2023-05-11 18:33:52,211 [main]  com.zensar.automation.framework.library.PropertyReader loadGameProperties - loading completed for Test Environment properties
[INFO] 2023-05-11 18:33:52,482 [TestNG-tests-2]  com.zensar.automation.framework.driver.MobileDriver test - Automation Execution stared for mobile....
[INFO] 2023-05-11 18:33:52,482 [TestNG-tests-1]  com.zensar.automation.framework.driver.MobileDriver test - Automation Execution stared for mobile....
[INFO] 2023-05-11 18:33:52,484 [TestNG-tests-1]  com.zensar.automation.framework.driver.MobileDriver test - Selenium Grid Url :: http://10.120.87.248:4444/wd/hub
[INFO] 2023-05-11 18:33:52,484 [TestNG-tests-2]  com.zensar.automation.framework.driver.MobileDriver test - Selenium Grid Url :: http://10.120.87.248:4444/wd/hub
[INFO] 2023-05-11 18:33:52,485 [TestNG-tests-2]  com.zensar.automation.framework.library.Global cfnRootPath - Setting nessary path....
[INFO] 2023-05-11 18:33:52,485 [TestNG-tests-1]  com.zensar.automation.framework.library.Global cfnRootPath - Setting nessary path....
[INFO] 2023-05-11 18:33:52,640 [TestNG-tests-1]  com.zensar.automation.framework.driver.MobileDriver test - About to release device as no script is marked as run in Suit.xml
[INFO] 2023-05-11 18:33:52,640 [TestNG-tests-2]  com.zensar.automation.framework.driver.MobileDriver test - About to release device as no script is marked as run in Suit.xml
[INFO] 2023-05-11 18:33:52,642 [TestNG-tests-1]  com.zensar.automation.framework.driver.MobileDriver test - About to release device as no script is marked as run in Suit.xml
[INFO] 2023-05-11 18:33:52,642 [TestNG-tests-2]  com.zensar.automation.framework.driver.MobileDriver test - About to release device as no script is marked as run in Suit.xml
[INFO] 2023-05-11 18:33:52,645 [TestNG-tests-1]  com.zensar.automation.framework.driver.MobileDriver test - About to release device as no script is marked as run in Suit.xml
[INFO] 2023-05-11 18:33:52,645 [TestNG-tests-2]  com.zensar.automation.framework.driver.MobileDriver test - About to release device as no script is marked as run in Suit.xml
[INFO] 2023-05-11 18:33:52,646 [TestNG-tests-1]  com.zensar.automation.framework.driver.MobileDriver test - About to release device as no script is marked as run in Suit.xml
[INFO] 2023-05-11 18:33:52,646 [TestNG-tests-2]  com.zensar.automation.framework.driver.MobileDriver test - About to release device as no script is marked as run in Suit.xml
[INFO] 2023-05-11 18:33:52,648 [TestNG-tests-1]  com.zensar.automation.framework.driver.MobileDriver test - About to release device as no script is marked as run in Suit.xml
[INFO] 2023-05-11 18:33:52,652 [TestNG-tests-2]  com.zensar.automation.framework.driver.MobileDriver test - About to release device as no script is marked as run in Suit.xml
[INFO] 2023-05-11 18:33:52,656 [TestNG-tests-2]  com.zensar.automation.framework.driver.MobileDriver test - About to release device as no script is marked as run in Suit.xml
[INFO] 2023-05-11 18:33:52,656 [TestNG-tests-1]  com.zensar.automation.framework.driver.MobileDriver test - About to release device as no script is marked as run in Suit.xml
[INFO] 2023-05-11 18:33:52,658 [TestNG-tests-1]  com.zensar.automation.framework.driver.MobileDriver test - About to release device as no script is marked as run in Suit.xml
[INFO] 2023-05-11 18:33:52,658 [TestNG-tests-2]  com.zensar.automation.framework.driver.MobileDriver test - About to release device as no script is marked as run in Suit.xml
[INFO] 2023-05-11 18:33:52,660 [TestNG-tests-2]  com.zensar.automation.framework.driver.MobileDriver test - Run flag found true...
[INFO] 2023-05-11 18:33:52,660 [TestNG-tests-1]  com.zensar.automation.framework.driver.MobileDriver test - Run flag found true...
[DEBUG] 2023-05-11 18:33:52,681 [TestNG-tests-1]  com.zensar.automation.framework.driver.MobileDriver test - randomWait :: 28056
[DEBUG] 2023-05-11 18:33:55,682 [TestNG-tests-2]  com.zensar.automation.framework.driver.MobileDriver test - randomWait :: 27139
[ERROR] 2023-05-11 18:34:23,279 [TestNG-tests-2]  com.zensar.automation.framework.driver.MobileDriver test - Exception in Mobile Driver
org.openqa.selenium.SessionNotCreatedException: Unable to create a new remote session. Please check the server log for more details. Original error: Error forwarding the new session Device is currently busy, please try again later !! : 00008030-000219E1227B802E
Command duration or timeout: 423 milliseconds
Build info: version: '3.141.59', revision: 'e82be7d358', time: '2018-11-14T08:17:03'
System info: host: 'DERIW50N0099', ip: '10.216.75.16', os.name: 'Windows 10', os.arch: 'amd64', os.version: '10.0', java.version: '17.0.6'
Driver info: driver.version: MobileDriver
Build info: version: '3.141.59', revision: 'e82be7d358', time: '2018-11-14T08:17:03'
System info: host: 'DERIW50N0099', ip: '10.216.75.16', os.name: 'Windows 10', os.arch: 'amd64', os.version: '10.0', java.version: '17.0.6'
Driver info: driver.version: MobileDriver
	at io.appium.java_client.remote.AppiumCommandExecutor$1.createSession(AppiumCommandExecutor.java:216)
	at io.appium.java_client.remote.AppiumCommandExecutor.createSession(AppiumCommandExecutor.java:225)
	at io.appium.java_client.remote.AppiumCommandExecutor.execute(AppiumCommandExecutor.java:250)
	at org.openqa.selenium.remote.RemoteWebDriver.execute(RemoteWebDriver.java:552)
	at io.appium.java_client.DefaultGenericMobileDriver.execute(DefaultGenericMobileDriver.java:41)
	at io.appium.java_client.AppiumDriver.execute(AppiumDriver.java:1)
	at io.appium.java_client.ios.IOSDriver.execute(IOSDriver.java:1)
	at org.openqa.selenium.remote.RemoteWebDriver.startSession(RemoteWebDriver.java:213)
	at io.appium.java_client.AppiumDriver.startSession(AppiumDriver.java:363)
	at org.openqa.selenium.remote.RemoteWebDriver.<init>(RemoteWebDriver.java:131)
	at io.appium.java_client.DefaultGenericMobileDriver.<init>(DefaultGenericMobileDriver.java:37)
	at io.appium.java_client.AppiumDriver.<init>(AppiumDriver.java:89)
	at io.appium.java_client.AppiumDriver.<init>(AppiumDriver.java:99)
	at io.appium.java_client.ios.IOSDriver.<init>(IOSDriver.java:90)
	at com.zensar.automation.framework.driver.MobileDriver.test(MobileDriver.java:265)
	at java.base/jdk.internal.reflect.NativeMethodAccessorImpl.invoke0(Native Method)
	at java.base/jdk.internal.reflect.NativeMethodAccessorImpl.invoke(NativeMethodAccessorImpl.java:77)
	at java.base/jdk.internal.reflect.DelegatingMethodAccessorImpl.invoke(DelegatingMethodAccessorImpl.java:43)
	at java.base/java.lang.reflect.Method.invoke(Method.java:568)
	at org.testng.internal.MethodInvocationHelper.invokeMethod(MethodInvocationHelper.java:133)
	at org.testng.internal.TestInvoker.invokeMethod(TestInvoker.java:598)
	at org.testng.internal.TestInvoker.invokeTestMethod(TestInvoker.java:173)
	at org.testng.internal.MethodRunner.runInSequence(MethodRunner.java:46)
	at org.testng.internal.TestInvoker$MethodInvocationAgent.invoke(TestInvoker.java:824)
	at org.testng.internal.TestInvoker.invokeTestMethods(TestInvoker.java:146)
	at org.testng.internal.TestMethodWorker.invokeTestMethods(TestMethodWorker.java:146)
	at org.testng.internal.TestMethodWorker.run(TestMethodWorker.java:128)
	at java.base/java.util.ArrayList.forEach(ArrayList.java:1511)
	at org.testng.TestRunner.privateRun(TestRunner.java:794)
	at org.testng.TestRunner.run(TestRunner.java:596)
	at org.testng.SuiteRunner.runTest(SuiteRunner.java:377)
	at org.testng.SuiteRunner.access$000(SuiteRunner.java:28)
	at org.testng.SuiteRunner$SuiteWorker.run(SuiteRunner.java:418)
	at org.testng.internal.thread.ThreadUtil.lambda$execute$0(ThreadUtil.java:64)
	at java.base/java.util.concurrent.FutureTask.run(FutureTask.java:264)
	at java.base/java.util.concurrent.ThreadPoolExecutor.runWorker(ThreadPoolExecutor.java:1136)
	at java.base/java.util.concurrent.ThreadPoolExecutor$Worker.run(ThreadPoolExecutor.java:635)
	at java.base/java.lang.Thread.run(Thread.java:833)
Caused by: java.lang.reflect.InvocationTargetException
	at java.base/jdk.internal.reflect.NativeMethodAccessorImpl.invoke0(Native Method)
	at java.base/jdk.internal.reflect.NativeMethodAccessorImpl.invoke(NativeMethodAccessorImpl.java:77)
	at java.base/jdk.internal.reflect.DelegatingMethodAccessorImpl.invoke(DelegatingMethodAccessorImpl.java:43)
	at java.base/java.lang.reflect.Method.invoke(Method.java:568)
	at io.appium.java_client.remote.AppiumCommandExecutor$1.createSession(AppiumCommandExecutor.java:193)
	... 37 more
Caused by: org.openqa.selenium.WebDriverException: Error forwarding the new session Device is currently busy, please try again later !! : 00008030-000219E1227B802E
Command duration or timeout: 423 milliseconds
Build info: version: '3.141.59', revision: 'e82be7d358', time: '2018-11-14T08:17:03'
System info: host: 'DERIW50N0099', ip: '10.216.75.16', os.name: 'Windows 10', os.arch: 'amd64', os.version: '10.0', java.version: '17.0.6'
Driver info: driver.version: MobileDriver
	at java.base/jdk.internal.reflect.NativeConstructorAccessorImpl.newInstance0(Native Method)
	at java.base/jdk.internal.reflect.NativeConstructorAccessorImpl.newInstance(NativeConstructorAccessorImpl.java:77)
	at java.base/jdk.internal.reflect.DelegatingConstructorAccessorImpl.newInstance(DelegatingConstructorAccessorImpl.java:45)
	at java.base/java.lang.reflect.Constructor.newInstanceWithCaller(Constructor.java:499)
	at java.base/java.lang.reflect.Constructor.newInstance(Constructor.java:480)
	at org.openqa.selenium.remote.ErrorHandler.createThrowable(ErrorHandler.java:214)
	at org.openqa.selenium.remote.ErrorHandler.throwIfResponseFailed(ErrorHandler.java:166)
	at org.openqa.selenium.remote.JsonWireProtocolResponse.lambda$errorHandler$0(JsonWireProtocolResponse.java:54)
	at org.openqa.selenium.remote.HandshakeResponse.lambda$getResponseFunction$0(HandshakeResponse.java:30)
	at org.openqa.selenium.remote.ProtocolHandshake.lambda$createSession$0(ProtocolHandshake.java:126)
	at java.base/java.util.stream.ReferencePipeline$3$1.accept(ReferencePipeline.java:197)
	at java.base/java.util.Spliterators$ArraySpliterator.tryAdvance(Spliterators.java:1002)
	at java.base/java.util.stream.ReferencePipeline.forEachWithCancel(ReferencePipeline.java:129)
	at java.base/java.util.stream.AbstractPipeline.copyIntoWithCancel(AbstractPipeline.java:527)
	at java.base/java.util.stream.AbstractPipeline.copyInto(AbstractPipeline.java:513)
	at java.base/java.util.stream.AbstractPipeline.wrapAndCopyInto(AbstractPipeline.java:499)
	at java.base/java.util.stream.FindOps$FindOp.evaluateSequential(FindOps.java:150)
	at java.base/java.util.stream.AbstractPipeline.evaluate(AbstractPipeline.java:234)
	at java.base/java.util.stream.ReferencePipeline.findFirst(ReferencePipeline.java:647)
	at org.openqa.selenium.remote.ProtocolHandshake.createSession(ProtocolHandshake.java:128)
	... 42 more
Caused by: org.openqa.grid.common.exception.GridException: Error forwarding the new session Device is currently busy, please try again later !! : 00008030-000219E1227B802E
	at org.openqa.grid.web.servlet.handler.RequestHandler.process(RequestHandler.java:118)
	at org.openqa.grid.web.servlet.DriverServlet.process(DriverServlet.java:85)
	at org.openqa.grid.web.servlet.DriverServlet.doPost(DriverServlet.java:69)
	at javax.servlet.http.HttpServlet.service(HttpServlet.java:707)
	at javax.servlet.http.HttpServlet.service(HttpServlet.java:790)
	at org.seleniumhq.jetty9.servlet.ServletHolder.handle(ServletHolder.java:865)
	at org.seleniumhq.jetty9.servlet.ServletHandler.doHandle(ServletHandler.java:535)
	at org.seleniumhq.jetty9.server.handler.ScopedHandler.handle(ScopedHandler.java:146)
	at org.seleniumhq.jetty9.security.SecurityHandler.handle(SecurityHandler.java:548)
	at org.seleniumhq.jetty9.server.handler.HandlerWrapper.handle(HandlerWrapper.java:132)
	at org.seleniumhq.jetty9.server.handler.ScopedHandler.nextHandle(ScopedHandler.java:257)
	at org.seleniumhq.jetty9.server.session.SessionHandler.doHandle(SessionHandler.java:1595)
	at org.seleniumhq.jetty9.server.handler.ScopedHandler.nextHandle(ScopedHandler.java:255)
	at org.seleniumhq.jetty9.server.handler.ContextHandler.doHandle(ContextHandler.java:1340)
	at org.seleniumhq.jetty9.server.handler.ScopedHandler.nextScope(ScopedHandler.java:203)
	at org.seleniumhq.jetty9.servlet.ServletHandler.doScope(ServletHandler.java:473)
	at org.seleniumhq.jetty9.server.session.SessionHandler.doScope(SessionHandler.java:1564)
	at org.seleniumhq.jetty9.server.handler.ScopedHandler.nextScope(ScopedHandler.java:201)
	at org.seleniumhq.jetty9.server.handler.ContextHandler.doScope(ContextHandler.java:1242)
	at org.seleniumhq.jetty9.server.handler.ScopedHandler.handle(ScopedHandler.java:144)
	at org.seleniumhq.jetty9.server.handler.HandlerWrapper.handle(HandlerWrapper.java:132)
	at org.seleniumhq.jetty9.server.Server.handle(Server.java:503)
	at org.seleniumhq.jetty9.server.HttpChannel.handle(HttpChannel.java:364)
	at org.seleniumhq.jetty9.server.HttpConnection.onFillable(HttpConnection.java:260)
	at org.seleniumhq.jetty9.io.AbstractConnection$ReadCallback.succeeded(AbstractConnection.java:305)
	at org.seleniumhq.jetty9.io.FillInterest.fillable(FillInterest.java:103)
	at org.seleniumhq.jetty9.io.ChannelEndPoint$2.run(ChannelEndPoint.java:118)
	at org.seleniumhq.jetty9.util.thread.strategy.EatWhatYouKill.runTask(EatWhatYouKill.java:333)
	at org.seleniumhq.jetty9.util.thread.strategy.EatWhatYouKill.doProduce(EatWhatYouKill.java:310)
	at org.seleniumhq.jetty9.util.thread.strategy.EatWhatYouKill.tryProduce(EatWhatYouKill.java:168)
	at org.seleniumhq.jetty9.util.thread.strategy.EatWhatYouKill.run(EatWhatYouKill.java:126)
	at org.seleniumhq.jetty9.util.thread.ReservedThreadExecutor$ReservedThread.run(ReservedThreadExecutor.java:366)
	at org.seleniumhq.jetty9.util.thread.QueuedThreadPool.runJob(QueuedThreadPool.java:765)
	at org.seleniumhq.jetty9.util.thread.QueuedThreadPool$2.run(QueuedThreadPool.java:683)
	at java.lang.Thread.run(Thread.java:748)
[INFO] 2023-05-11 18:35:13,207 [TestNG-tests-1]  com.zensar.automation.framework.driver.MobileDriver test - Driver object for mobile...
[DEBUG] 2023-05-11 18:35:23,407 [TestNG-tests-1]  com.zensar.automation.framework.driver.MobileDriver test - Test case to run :Modules.Regression.TestScript.Mobile_LanguageTranslationBasescene
[DEBUG] 2023-05-11 18:35:23,407 [TestNG-tests-1]  com.zensar.automation.framework.driver.MobileDriver test - 11/05/2023 18:33:52
[DEBUG] 2023-05-11 18:35:23,426 [TestNG-tests-1]  com.zensar.automation.framework.driver.MobileDriver test - Script Parameters Configured
[INFO] 2023-05-11 18:35:23,427 [TestNG-tests-1]  com.zensar.automation.framework.driver.MobileDriver test - Calling invoke method
[INFO] 2023-05-11 18:35:23,427 [TestNG-tests-1]  Modules.Regression.TestScript.Mobile_LanguageTranslationBasescene script - FrameworkPlayNext
[DEBUG] 2023-05-11 18:35:23,515 [TestNG-tests-1]  Modules.Regression.FunctionLibrary.factory.MobileFunctionLibraryFactory getFunctionLibrary - Framework received ::PlayNext
[INFO] 2023-05-11 18:35:23,522 [TestNG-tests-1]  Modules.Regression.FunctionLibrary.CFNLibrary_Mobile <init> - In mobile super class
[INFO] 2023-05-11 18:35:23,523 [TestNG-tests-1]  Modules.Regression.FunctionLibrary.CFNLibrary_Mobile <init> - Read Excel file
[INFO] 2023-05-11 18:35:23,543 [TestNG-tests-1]  Modules.Regression.FunctionLibrary.CFNLibrary_Mobile <init> - Total row 286
[DEBUG] 2023-05-11 18:35:24,741 [TestNG-tests-1]  com.zensar.automation.framework.api.ImageMobileAPI <init> - Connected device screenWidth=1080
Connected device scrrenHeight=2401
[ERROR] 2023-05-11 18:35:24,753 [TestNG-tests-1]  com.zensar.automation.framework.driver.MobileDriver test - Exception in Mobile Driver
java.lang.reflect.InvocationTargetException
	at java.base/jdk.internal.reflect.NativeMethodAccessorImpl.invoke0(Native Method)
	at java.base/jdk.internal.reflect.NativeMethodAccessorImpl.invoke(NativeMethodAccessorImpl.java:77)
	at java.base/jdk.internal.reflect.DelegatingMethodAccessorImpl.invoke(DelegatingMethodAccessorImpl.java:43)
	at java.base/java.lang.reflect.Method.invoke(Method.java:568)
	at com.zensar.automation.framework.driver.MobileDriver.test(MobileDriver.java:329)
	at java.base/jdk.internal.reflect.NativeMethodAccessorImpl.invoke0(Native Method)
	at java.base/jdk.internal.reflect.NativeMethodAccessorImpl.invoke(NativeMethodAccessorImpl.java:77)
	at java.base/jdk.internal.reflect.DelegatingMethodAccessorImpl.invoke(DelegatingMethodAccessorImpl.java:43)
	at java.base/java.lang.reflect.Method.invoke(Method.java:568)
	at org.testng.internal.MethodInvocationHelper.invokeMethod(MethodInvocationHelper.java:133)
	at org.testng.internal.TestInvoker.invokeMethod(TestInvoker.java:598)
	at org.testng.internal.TestInvoker.invokeTestMethod(TestInvoker.java:173)
	at org.testng.internal.MethodRunner.runInSequence(MethodRunner.java:46)
	at org.testng.internal.TestInvoker$MethodInvocationAgent.invoke(TestInvoker.java:824)
	at org.testng.internal.TestInvoker.invokeTestMethods(TestInvoker.java:146)
	at org.testng.internal.TestMethodWorker.invokeTestMethods(TestMethodWorker.java:146)
	at org.testng.internal.TestMethodWorker.run(TestMethodWorker.java:128)
	at java.base/java.util.ArrayList.forEach(ArrayList.java:1511)
	at org.testng.TestRunner.privateRun(TestRunner.java:794)
	at org.testng.TestRunner.run(TestRunner.java:596)
	at org.testng.SuiteRunner.runTest(SuiteRunner.java:377)
	at org.testng.SuiteRunner.access$000(SuiteRunner.java:28)
	at org.testng.SuiteRunner$SuiteWorker.run(SuiteRunner.java:418)
	at org.testng.internal.thread.ThreadUtil.lambda$execute$0(ThreadUtil.java:64)
	at java.base/java.util.concurrent.FutureTask.run(FutureTask.java:264)
	at java.base/java.util.concurrent.ThreadPoolExecutor.runWorker(ThreadPoolExecutor.java:1136)
	at java.base/java.util.concurrent.ThreadPoolExecutor$Worker.run(ThreadPoolExecutor.java:635)
	at java.base/java.lang.Thread.run(Thread.java:833)
Caused by: java.lang.NullPointerException: Cannot invoke "String.length()" because "text" is null
	at java.base/java.text.SimpleDateFormat.parse(SimpleDateFormat.java:1474)
	at java.base/java.text.DateFormat.parse(DateFormat.java:397)
	at com.zensar.automation.framework.report.Mobile_HTML_Report.endReport(Mobile_HTML_Report.java:400)
	at Modules.Regression.TestScript.Mobile_LanguageTranslationBasescene.script(Mobile_LanguageTranslationBasescene.java:845)
	... 28 more
[INFO] 2023-05-11 18:35:24,759 [main]  com.zensar.automation.framework.driver.MobileDriver afterSuite - Device has Released00008030-000219E1227B802E
[INFO] 2023-07-09 00:32:21,023 [main]  com.zensar.automation.library.TestPropReader loadAllProperties - Loading all properties in progress..
[INFO] 2023-07-09 00:32:21,026 [main]  com.zensar.automation.framework.library.PropertyReader loadDefaultProperties - Loading default properties file...
[DEBUG] 2023-07-09 00:32:21,027 [main]  com.zensar.automation.framework.library.PropertyReader loadDefaultProperties - Default properties file path=.\Default.properties
[INFO] 2023-07-09 00:32:21,027 [main]  com.zensar.automation.framework.library.PropertyReader loadDefaultProperties - loading completed for Default properties
[INFO] 2023-07-09 00:32:21,028 [main]  com.zensar.automation.framework.library.PropertyReader loadGameProperties - Loading Test Environment properties file..
[DEBUG] 2023-07-09 00:32:21,029 [main]  com.zensar.automation.framework.library.PropertyReader loadGameProperties - Test Environment properties file path=./WildCatch\Config\TestEnv.properties
[INFO] 2023-07-09 00:32:21,030 [main]  com.zensar.automation.framework.library.PropertyReader loadGameProperties - loading completed for Test Environment properties
[INFO] 2023-07-09 00:32:21,269 [TestNG-tests-1]  com.zensar.automation.framework.driver.DesktopDriver test - Excecution started for Desktop .....
[INFO] 2023-07-09 00:32:21,270 [TestNG-tests-1]  com.zensar.automation.framework.library.Global cfnRootPath - Setting nessary path....
[DEBUG] 2023-07-09 00:32:21,270 [TestNG-tests-1]  com.zensar.automation.framework.driver.DesktopDriver test - suitExcelPath :: ./WildCatch\Config\SuitFile.xls
[DEBUG] 2023-07-09 00:32:21,270 [TestNG-tests-1]  com.zensar.automation.framework.driver.DesktopDriver test - regressionExcelPath ::./WildCatch\Config\Regression.xls
[DEBUG] 2023-07-09 00:32:21,403 [TestNG-tests-1]  com.zensar.automation.framework.driver.DesktopDriver test - Execution Started for Module :: Regression
[INFO] 2023-07-09 00:32:21,439 [TestNG-tests-1]  com.zensar.automation.framework.report.Desktop_HTML_Report <init> - Initiating Desktop HTML report
[DEBUG] 2023-07-09 00:32:21,442 [TestNG-tests-1]  com.zensar.automation.framework.report.Desktop_HTML_Report buildAutomationSummary - Failed to create directory!
[INFO] 2023-07-09 00:41:12,146 [main]  com.zensar.automation.library.TestPropReader loadAllProperties - Loading all properties in progress..
[INFO] 2023-07-09 00:41:12,147 [main]  com.zensar.automation.framework.library.PropertyReader loadDefaultProperties - Loading default properties file...
[DEBUG] 2023-07-09 00:41:12,148 [main]  com.zensar.automation.framework.library.PropertyReader loadDefaultProperties - Default properties file path=.\Default.properties
[INFO] 2023-07-09 00:41:12,149 [main]  com.zensar.automation.framework.library.PropertyReader loadDefaultProperties - loading completed for Default properties
[INFO] 2023-07-09 00:41:12,149 [main]  com.zensar.automation.framework.library.PropertyReader loadGameProperties - Loading Test Environment properties file..
[DEBUG] 2023-07-09 00:41:12,151 [main]  com.zensar.automation.framework.library.PropertyReader loadGameProperties - Test Environment properties file path=./WildCatch\Config\TestEnv.properties
[INFO] 2023-07-09 00:41:12,152 [main]  com.zensar.automation.framework.library.PropertyReader loadGameProperties - loading completed for Test Environment properties
[INFO] 2023-07-09 00:41:12,442 [TestNG-tests-1]  com.zensar.automation.framework.driver.DesktopDriver test - Excecution started for Desktop .....
[INFO] 2023-07-09 00:41:12,443 [TestNG-tests-1]  com.zensar.automation.framework.library.Global cfnRootPath - Setting nessary path....
[DEBUG] 2023-07-09 00:41:12,443 [TestNG-tests-1]  com.zensar.automation.framework.driver.DesktopDriver test - suitExcelPath :: ./WildCatch\Config\SuitFile.xls
[DEBUG] 2023-07-09 00:41:12,443 [TestNG-tests-1]  com.zensar.automation.framework.driver.DesktopDriver test - regressionExcelPath ::./WildCatch\Config\Regression.xls
[DEBUG] 2023-07-09 00:41:12,568 [TestNG-tests-1]  com.zensar.automation.framework.driver.DesktopDriver test - Execution Started for Module :: Regression
[INFO] 2023-07-09 00:41:12,609 [TestNG-tests-1]  com.zensar.automation.framework.report.Desktop_HTML_Report <init> - Initiating Desktop HTML report
[DEBUG] 2023-07-09 00:41:12,610 [TestNG-tests-1]  com.zensar.automation.framework.report.Desktop_HTML_Report buildAutomationSummary - Failed to create directory!
