[INFO] 2023-06-06 18:44:10,356 [main]  com.zensar.automation.library.TestPropReader loadAllProperties - Loading all properties in progress..
[INFO] 2023-06-06 18:44:10,359 [main]  com.zensar.automation.framework.library.PropertyReader loadDefaultProperties - Loading default properties file...
[DEBUG] 2023-06-06 18:44:10,360 [main]  com.zensar.automation.framework.library.PropertyReader loadDefaultProperties - Default properties file path=.\Default.properties
[INFO] 2023-06-06 18:44:10,360 [main]  com.zensar.automation.framework.library.PropertyReader loadDefaultProperties - loading completed for Default properties
[INFO] 2023-06-06 18:44:10,361 [main]  com.zensar.automation.framework.library.PropertyReader loadGameProperties - Loading Test Environment properties file..
[DEBUG] 2023-06-06 18:44:10,363 [main]  com.zensar.automation.framework.library.PropertyReader loadGameProperties - Test Environment properties file path=./FinerReelsofLifeWowPot\Config\TestEnv.properties
[INFO] 2023-06-06 18:44:10,364 [main]  com.zensar.automation.framework.library.PropertyReader loadGameProperties - loading completed for Test Environment properties
[INFO] 2023-06-06 18:44:10,624 [TestNG-tests-1]  com.zensar.automation.framework.driver.MobileDriver test - Automation Execution stared for mobile....
[INFO] 2023-06-06 18:44:10,626 [TestNG-tests-1]  com.zensar.automation.framework.driver.MobileDriver test - Selenium Grid Url :: https://devicefarm.gametechnology.io/wd/hub
[INFO] 2023-06-06 18:44:10,627 [TestNG-tests-1]  com.zensar.automation.framework.library.Global cfnRootPath - Setting nessary path....
[INFO] 2023-06-06 18:44:10,763 [TestNG-tests-1]  com.zensar.automation.framework.driver.MobileDriver test - About to release device as no script is marked as run in Suit.xml
[INFO] 2023-06-06 18:44:10,765 [TestNG-tests-1]  com.zensar.automation.framework.driver.MobileDriver test - Run flag found true...
[DEBUG] 2023-06-06 18:44:10,778 [TestNG-tests-1]  com.zensar.automation.framework.driver.MobileDriver test - randomWait :: 22467
[ERROR] 2023-06-06 18:45:12,657 [TestNG-tests-1]  com.zensar.automation.framework.driver.MobileDriver test - Exception in Mobile Driver
org.openqa.selenium.SessionNotCreatedException: Unable to create a new remote session. Please check the server log for more details. Original error: Unable to parse remote response: <html>
<head><title>504 Gateway Time-out</title></head>
<body>
<center><h1>504 Gateway Time-out</h1></center>
<hr><center>nginx/1.21.6</center>
</body>
</html>

Build info: version: '3.141.59', revision: 'e82be7d358', time: '2018-11-14T08:17:03'
System info: host: 'DERIW50N0099', ip: '10.216.75.16', os.name: 'Windows 10', os.arch: 'amd64', os.version: '10.0', java.version: '17.0.6'
Driver info: driver.version: MobileDriver
	at io.appium.java_client.remote.AppiumCommandExecutor$1.createSession(AppiumCommandExecutor.java:216)
	at io.appium.java_client.remote.AppiumCommandExecutor.createSession(AppiumCommandExecutor.java:225)
	at io.appium.java_client.remote.AppiumCommandExecutor.execute(AppiumCommandExecutor.java:250)
	at org.openqa.selenium.remote.RemoteWebDriver.execute(RemoteWebDriver.java:552)
	at io.appium.java_client.DefaultGenericMobileDriver.execute(DefaultGenericMobileDriver.java:41)
	at io.appium.java_client.AppiumDriver.execute(AppiumDriver.java:1)
	at io.appium.java_client.android.AndroidDriver.execute(AndroidDriver.java:1)
	at org.openqa.selenium.remote.RemoteWebDriver.startSession(RemoteWebDriver.java:213)
	at io.appium.java_client.AppiumDriver.startSession(AppiumDriver.java:363)
	at org.openqa.selenium.remote.RemoteWebDriver.<init>(RemoteWebDriver.java:131)
	at io.appium.java_client.DefaultGenericMobileDriver.<init>(DefaultGenericMobileDriver.java:37)
	at io.appium.java_client.AppiumDriver.<init>(AppiumDriver.java:89)
	at io.appium.java_client.AppiumDriver.<init>(AppiumDriver.java:99)
	at io.appium.java_client.android.AndroidDriver.<init>(AndroidDriver.java:97)
	at com.zensar.automation.framework.driver.MobileDriver.test(MobileDriver.java:230)
	at java.base/jdk.internal.reflect.NativeMethodAccessorImpl.invoke0(Native Method)
	at java.base/jdk.internal.reflect.NativeMethodAccessorImpl.invoke(NativeMethodAccessorImpl.java:77)
	at java.base/jdk.internal.reflect.DelegatingMethodAccessorImpl.invoke(DelegatingMethodAccessorImpl.java:43)
	at java.base/java.lang.reflect.Method.invoke(Method.java:568)
	at org.testng.internal.MethodInvocationHelper.invokeMethod(MethodInvocationHelper.java:133)
	at org.testng.internal.TestInvoker.invokeMethod(TestInvoker.java:598)
	at org.testng.internal.TestInvoker.invokeTestMethod(TestInvoker.java:173)
	at org.testng.internal.MethodRunner.runInSequence(MethodRunner.java:46)
	at org.testng.internal.TestInvoker$MethodInvocationAgent.invoke(TestInvoker.java:824)
	at org.testng.internal.TestInvoker.invokeTestMethods(TestInvoker.java:146)
	at org.testng.internal.TestMethodWorker.invokeTestMethods(TestMethodWorker.java:146)
	at org.testng.internal.TestMethodWorker.run(TestMethodWorker.java:128)
	at java.base/java.util.ArrayList.forEach(ArrayList.java:1511)
	at org.testng.TestRunner.privateRun(TestRunner.java:794)
	at org.testng.TestRunner.run(TestRunner.java:596)
	at org.testng.SuiteRunner.runTest(SuiteRunner.java:377)
	at org.testng.SuiteRunner.access$000(SuiteRunner.java:28)
	at org.testng.SuiteRunner$SuiteWorker.run(SuiteRunner.java:418)
	at org.testng.internal.thread.ThreadUtil.lambda$execute$0(ThreadUtil.java:64)
	at java.base/java.util.concurrent.FutureTask.run(FutureTask.java:264)
	at java.base/java.util.concurrent.ThreadPoolExecutor.runWorker(ThreadPoolExecutor.java:1136)
	at java.base/java.util.concurrent.ThreadPoolExecutor$Worker.run(ThreadPoolExecutor.java:635)
	at java.base/java.lang.Thread.run(Thread.java:833)
Caused by: java.lang.reflect.InvocationTargetException
	at java.base/jdk.internal.reflect.NativeMethodAccessorImpl.invoke0(Native Method)
	at java.base/jdk.internal.reflect.NativeMethodAccessorImpl.invoke(NativeMethodAccessorImpl.java:77)
	at java.base/jdk.internal.reflect.DelegatingMethodAccessorImpl.invoke(DelegatingMethodAccessorImpl.java:43)
	at java.base/java.lang.reflect.Method.invoke(Method.java:568)
	at io.appium.java_client.remote.AppiumCommandExecutor$1.createSession(AppiumCommandExecutor.java:193)
	... 37 more
Caused by: org.openqa.selenium.WebDriverException: Unable to parse remote response: <html>
<head><title>504 Gateway Time-out</title></head>
<body>
<center><h1>504 Gateway Time-out</h1></center>
<hr><center>nginx/1.21.6</center>
</body>
</html>

	at org.openqa.selenium.remote.ProtocolHandshake.createSession(ProtocolHandshake.java:115)
	... 42 more
Caused by: org.openqa.selenium.json.JsonException: Unable to determine type from: <. Last 1 characters read: <
Build info: version: '3.141.59', revision: 'e82be7d358', time: '2018-11-14T08:17:03'
System info: host: 'DERIW50N0099', ip: '10.216.75.16', os.name: 'Windows 10', os.arch: 'amd64', os.version: '10.0', java.version: '17.0.6'
Driver info: driver.version: MobileDriver
	at org.openqa.selenium.json.JsonInput.peek(JsonInput.java:122)
	at org.openqa.selenium.json.JsonTypeCoercer.lambda$null$6(JsonTypeCoercer.java:140)
	at org.openqa.selenium.json.JsonTypeCoercer.coerce(JsonTypeCoercer.java:126)
	at org.openqa.selenium.json.Json.toType(Json.java:69)
	at org.openqa.selenium.json.Json.toType(Json.java:55)
	at org.openqa.selenium.json.Json.toType(Json.java:50)
	at org.openqa.selenium.remote.ProtocolHandshake.createSession(ProtocolHandshake.java:112)
	... 42 more
[INFO] 2023-06-06 18:45:12,690 [main]  com.zensar.automation.framework.driver.MobileDriver afterSuite - Device has Released1c2a7048120c7ece
[INFO] 2023-06-06 18:46:40,386 [main]  com.zensar.automation.library.TestPropReader loadAllProperties - Loading all properties in progress..
[INFO] 2023-06-06 18:46:40,389 [main]  com.zensar.automation.framework.library.PropertyReader loadDefaultProperties - Loading default properties file...
[DEBUG] 2023-06-06 18:46:40,389 [main]  com.zensar.automation.framework.library.PropertyReader loadDefaultProperties - Default properties file path=.\Default.properties
[INFO] 2023-06-06 18:46:40,390 [main]  com.zensar.automation.framework.library.PropertyReader loadDefaultProperties - loading completed for Default properties
[INFO] 2023-06-06 18:46:40,391 [main]  com.zensar.automation.framework.library.PropertyReader loadGameProperties - Loading Test Environment properties file..
[DEBUG] 2023-06-06 18:46:40,393 [main]  com.zensar.automation.framework.library.PropertyReader loadGameProperties - Test Environment properties file path=./FinerReelsofLifeWowPot\Config\TestEnv.properties
[INFO] 2023-06-06 18:46:40,394 [main]  com.zensar.automation.framework.library.PropertyReader loadGameProperties - loading completed for Test Environment properties
[INFO] 2023-06-06 18:46:40,657 [TestNG-tests-1]  com.zensar.automation.framework.driver.MobileDriver test - Automation Execution stared for mobile....
[INFO] 2023-06-06 18:46:40,658 [TestNG-tests-1]  com.zensar.automation.framework.driver.MobileDriver test - Selenium Grid Url :: https://devicefarm.gametechnology.io/wd/hub
[INFO] 2023-06-06 18:46:40,660 [TestNG-tests-1]  com.zensar.automation.framework.library.Global cfnRootPath - Setting nessary path....
[INFO] 2023-06-06 18:46:40,793 [TestNG-tests-1]  com.zensar.automation.framework.driver.MobileDriver test - About to release device as no script is marked as run in Suit.xml
[INFO] 2023-06-06 18:46:40,795 [TestNG-tests-1]  com.zensar.automation.framework.driver.MobileDriver test - Run flag found true...
[DEBUG] 2023-06-06 18:46:40,809 [TestNG-tests-1]  com.zensar.automation.framework.driver.MobileDriver test - randomWait :: 17487
[ERROR] 2023-06-06 18:47:42,743 [TestNG-tests-1]  com.zensar.automation.framework.driver.MobileDriver test - Exception in Mobile Driver
org.openqa.selenium.SessionNotCreatedException: Unable to create a new remote session. Please check the server log for more details. Original error: Unable to parse remote response: <html>
<head><title>504 Gateway Time-out</title></head>
<body>
<center><h1>504 Gateway Time-out</h1></center>
<hr><center>nginx/1.21.6</center>
</body>
</html>

Build info: version: '3.141.59', revision: 'e82be7d358', time: '2018-11-14T08:17:03'
System info: host: 'DERIW50N0099', ip: '10.216.75.16', os.name: 'Windows 10', os.arch: 'amd64', os.version: '10.0', java.version: '17.0.6'
Driver info: driver.version: MobileDriver
	at io.appium.java_client.remote.AppiumCommandExecutor$1.createSession(AppiumCommandExecutor.java:216)
	at io.appium.java_client.remote.AppiumCommandExecutor.createSession(AppiumCommandExecutor.java:225)
	at io.appium.java_client.remote.AppiumCommandExecutor.execute(AppiumCommandExecutor.java:250)
	at org.openqa.selenium.remote.RemoteWebDriver.execute(RemoteWebDriver.java:552)
	at io.appium.java_client.DefaultGenericMobileDriver.execute(DefaultGenericMobileDriver.java:41)
	at io.appium.java_client.AppiumDriver.execute(AppiumDriver.java:1)
	at io.appium.java_client.android.AndroidDriver.execute(AndroidDriver.java:1)
	at org.openqa.selenium.remote.RemoteWebDriver.startSession(RemoteWebDriver.java:213)
	at io.appium.java_client.AppiumDriver.startSession(AppiumDriver.java:363)
	at org.openqa.selenium.remote.RemoteWebDriver.<init>(RemoteWebDriver.java:131)
	at io.appium.java_client.DefaultGenericMobileDriver.<init>(DefaultGenericMobileDriver.java:37)
	at io.appium.java_client.AppiumDriver.<init>(AppiumDriver.java:89)
	at io.appium.java_client.AppiumDriver.<init>(AppiumDriver.java:99)
	at io.appium.java_client.android.AndroidDriver.<init>(AndroidDriver.java:97)
	at com.zensar.automation.framework.driver.MobileDriver.test(MobileDriver.java:230)
	at java.base/jdk.internal.reflect.NativeMethodAccessorImpl.invoke0(Native Method)
	at java.base/jdk.internal.reflect.NativeMethodAccessorImpl.invoke(NativeMethodAccessorImpl.java:77)
	at java.base/jdk.internal.reflect.DelegatingMethodAccessorImpl.invoke(DelegatingMethodAccessorImpl.java:43)
	at java.base/java.lang.reflect.Method.invoke(Method.java:568)
	at org.testng.internal.MethodInvocationHelper.invokeMethod(MethodInvocationHelper.java:133)
	at org.testng.internal.TestInvoker.invokeMethod(TestInvoker.java:598)
	at org.testng.internal.TestInvoker.invokeTestMethod(TestInvoker.java:173)
	at org.testng.internal.MethodRunner.runInSequence(MethodRunner.java:46)
	at org.testng.internal.TestInvoker$MethodInvocationAgent.invoke(TestInvoker.java:824)
	at org.testng.internal.TestInvoker.invokeTestMethods(TestInvoker.java:146)
	at org.testng.internal.TestMethodWorker.invokeTestMethods(TestMethodWorker.java:146)
	at org.testng.internal.TestMethodWorker.run(TestMethodWorker.java:128)
	at java.base/java.util.ArrayList.forEach(ArrayList.java:1511)
	at org.testng.TestRunner.privateRun(TestRunner.java:794)
	at org.testng.TestRunner.run(TestRunner.java:596)
	at org.testng.SuiteRunner.runTest(SuiteRunner.java:377)
	at org.testng.SuiteRunner.access$000(SuiteRunner.java:28)
	at org.testng.SuiteRunner$SuiteWorker.run(SuiteRunner.java:418)
	at org.testng.internal.thread.ThreadUtil.lambda$execute$0(ThreadUtil.java:64)
	at java.base/java.util.concurrent.FutureTask.run(FutureTask.java:264)
	at java.base/java.util.concurrent.ThreadPoolExecutor.runWorker(ThreadPoolExecutor.java:1136)
	at java.base/java.util.concurrent.ThreadPoolExecutor$Worker.run(ThreadPoolExecutor.java:635)
	at java.base/java.lang.Thread.run(Thread.java:833)
Caused by: java.lang.reflect.InvocationTargetException
	at java.base/jdk.internal.reflect.NativeMethodAccessorImpl.invoke0(Native Method)
	at java.base/jdk.internal.reflect.NativeMethodAccessorImpl.invoke(NativeMethodAccessorImpl.java:77)
	at java.base/jdk.internal.reflect.DelegatingMethodAccessorImpl.invoke(DelegatingMethodAccessorImpl.java:43)
	at java.base/java.lang.reflect.Method.invoke(Method.java:568)
	at io.appium.java_client.remote.AppiumCommandExecutor$1.createSession(AppiumCommandExecutor.java:193)
	... 37 more
Caused by: org.openqa.selenium.WebDriverException: Unable to parse remote response: <html>
<head><title>504 Gateway Time-out</title></head>
<body>
<center><h1>504 Gateway Time-out</h1></center>
<hr><center>nginx/1.21.6</center>
</body>
</html>

	at org.openqa.selenium.remote.ProtocolHandshake.createSession(ProtocolHandshake.java:115)
	... 42 more
Caused by: org.openqa.selenium.json.JsonException: Unable to determine type from: <. Last 1 characters read: <
Build info: version: '3.141.59', revision: 'e82be7d358', time: '2018-11-14T08:17:03'
System info: host: 'DERIW50N0099', ip: '10.216.75.16', os.name: 'Windows 10', os.arch: 'amd64', os.version: '10.0', java.version: '17.0.6'
Driver info: driver.version: MobileDriver
	at org.openqa.selenium.json.JsonInput.peek(JsonInput.java:122)
	at org.openqa.selenium.json.JsonTypeCoercer.lambda$null$6(JsonTypeCoercer.java:140)
	at org.openqa.selenium.json.JsonTypeCoercer.coerce(JsonTypeCoercer.java:126)
	at org.openqa.selenium.json.Json.toType(Json.java:69)
	at org.openqa.selenium.json.Json.toType(Json.java:55)
	at org.openqa.selenium.json.Json.toType(Json.java:50)
	at org.openqa.selenium.remote.ProtocolHandshake.createSession(ProtocolHandshake.java:112)
	... 42 more
[INFO] 2023-06-06 18:47:42,773 [main]  com.zensar.automation.framework.driver.MobileDriver afterSuite - Device has Released1c2a7048120c7ece
[INFO] 2023-06-06 18:50:30,654 [main]  com.zensar.automation.library.TestPropReader loadAllProperties - Loading all properties in progress..
[INFO] 2023-06-06 18:50:30,656 [main]  com.zensar.automation.framework.library.PropertyReader loadDefaultProperties - Loading default properties file...
[DEBUG] 2023-06-06 18:50:30,657 [main]  com.zensar.automation.framework.library.PropertyReader loadDefaultProperties - Default properties file path=.\Default.properties
[INFO] 2023-06-06 18:50:30,658 [main]  com.zensar.automation.framework.library.PropertyReader loadDefaultProperties - loading completed for Default properties
[INFO] 2023-06-06 18:50:30,658 [main]  com.zensar.automation.framework.library.PropertyReader loadGameProperties - Loading Test Environment properties file..
[DEBUG] 2023-06-06 18:50:30,660 [main]  com.zensar.automation.framework.library.PropertyReader loadGameProperties - Test Environment properties file path=./FinerReelsofLifeWowPot\Config\TestEnv.properties
[INFO] 2023-06-06 18:50:30,661 [main]  com.zensar.automation.framework.library.PropertyReader loadGameProperties - loading completed for Test Environment properties
[INFO] 2023-06-06 18:50:30,920 [TestNG-tests-1]  com.zensar.automation.framework.driver.MobileDriver test - Automation Execution stared for mobile....
[INFO] 2023-06-06 18:50:30,921 [TestNG-tests-1]  com.zensar.automation.framework.driver.MobileDriver test - Selenium Grid Url :: https://devicefarm.gametechnology.io/wd/hub
[INFO] 2023-06-06 18:50:30,923 [TestNG-tests-1]  com.zensar.automation.framework.library.Global cfnRootPath - Setting nessary path....
[INFO] 2023-06-06 18:50:31,061 [TestNG-tests-1]  com.zensar.automation.framework.driver.MobileDriver test - About to release device as no script is marked as run in Suit.xml
[INFO] 2023-06-06 18:50:31,063 [TestNG-tests-1]  com.zensar.automation.framework.driver.MobileDriver test - Run flag found true...
[DEBUG] 2023-06-06 18:50:31,076 [TestNG-tests-1]  com.zensar.automation.framework.driver.MobileDriver test - randomWait :: 15426
[ERROR] 2023-06-06 18:51:32,998 [TestNG-tests-1]  com.zensar.automation.framework.driver.MobileDriver test - Exception in Mobile Driver
org.openqa.selenium.SessionNotCreatedException: Unable to create a new remote session. Please check the server log for more details. Original error: Unable to parse remote response: <html>
<head><title>504 Gateway Time-out</title></head>
<body>
<center><h1>504 Gateway Time-out</h1></center>
<hr><center>nginx/1.21.6</center>
</body>
</html>

Build info: version: '3.141.59', revision: 'e82be7d358', time: '2018-11-14T08:17:03'
System info: host: 'DERIW50N0099', ip: '10.216.75.16', os.name: 'Windows 10', os.arch: 'amd64', os.version: '10.0', java.version: '17.0.6'
Driver info: driver.version: MobileDriver
	at io.appium.java_client.remote.AppiumCommandExecutor$1.createSession(AppiumCommandExecutor.java:216)
	at io.appium.java_client.remote.AppiumCommandExecutor.createSession(AppiumCommandExecutor.java:225)
	at io.appium.java_client.remote.AppiumCommandExecutor.execute(AppiumCommandExecutor.java:250)
	at org.openqa.selenium.remote.RemoteWebDriver.execute(RemoteWebDriver.java:552)
	at io.appium.java_client.DefaultGenericMobileDriver.execute(DefaultGenericMobileDriver.java:41)
	at io.appium.java_client.AppiumDriver.execute(AppiumDriver.java:1)
	at io.appium.java_client.android.AndroidDriver.execute(AndroidDriver.java:1)
	at org.openqa.selenium.remote.RemoteWebDriver.startSession(RemoteWebDriver.java:213)
	at io.appium.java_client.AppiumDriver.startSession(AppiumDriver.java:363)
	at org.openqa.selenium.remote.RemoteWebDriver.<init>(RemoteWebDriver.java:131)
	at io.appium.java_client.DefaultGenericMobileDriver.<init>(DefaultGenericMobileDriver.java:37)
	at io.appium.java_client.AppiumDriver.<init>(AppiumDriver.java:89)
	at io.appium.java_client.AppiumDriver.<init>(AppiumDriver.java:99)
	at io.appium.java_client.android.AndroidDriver.<init>(AndroidDriver.java:97)
	at com.zensar.automation.framework.driver.MobileDriver.test(MobileDriver.java:230)
	at java.base/jdk.internal.reflect.NativeMethodAccessorImpl.invoke0(Native Method)
	at java.base/jdk.internal.reflect.NativeMethodAccessorImpl.invoke(NativeMethodAccessorImpl.java:77)
	at java.base/jdk.internal.reflect.DelegatingMethodAccessorImpl.invoke(DelegatingMethodAccessorImpl.java:43)
	at java.base/java.lang.reflect.Method.invoke(Method.java:568)
	at org.testng.internal.MethodInvocationHelper.invokeMethod(MethodInvocationHelper.java:133)
	at org.testng.internal.TestInvoker.invokeMethod(TestInvoker.java:598)
	at org.testng.internal.TestInvoker.invokeTestMethod(TestInvoker.java:173)
	at org.testng.internal.MethodRunner.runInSequence(MethodRunner.java:46)
	at org.testng.internal.TestInvoker$MethodInvocationAgent.invoke(TestInvoker.java:824)
	at org.testng.internal.TestInvoker.invokeTestMethods(TestInvoker.java:146)
	at org.testng.internal.TestMethodWorker.invokeTestMethods(TestMethodWorker.java:146)
	at org.testng.internal.TestMethodWorker.run(TestMethodWorker.java:128)
	at java.base/java.util.ArrayList.forEach(ArrayList.java:1511)
	at org.testng.TestRunner.privateRun(TestRunner.java:794)
	at org.testng.TestRunner.run(TestRunner.java:596)
	at org.testng.SuiteRunner.runTest(SuiteRunner.java:377)
	at org.testng.SuiteRunner.access$000(SuiteRunner.java:28)
	at org.testng.SuiteRunner$SuiteWorker.run(SuiteRunner.java:418)
	at org.testng.internal.thread.ThreadUtil.lambda$execute$0(ThreadUtil.java:64)
	at java.base/java.util.concurrent.FutureTask.run(FutureTask.java:264)
	at java.base/java.util.concurrent.ThreadPoolExecutor.runWorker(ThreadPoolExecutor.java:1136)
	at java.base/java.util.concurrent.ThreadPoolExecutor$Worker.run(ThreadPoolExecutor.java:635)
	at java.base/java.lang.Thread.run(Thread.java:833)
Caused by: java.lang.reflect.InvocationTargetException
	at java.base/jdk.internal.reflect.NativeMethodAccessorImpl.invoke0(Native Method)
	at java.base/jdk.internal.reflect.NativeMethodAccessorImpl.invoke(NativeMethodAccessorImpl.java:77)
	at java.base/jdk.internal.reflect.DelegatingMethodAccessorImpl.invoke(DelegatingMethodAccessorImpl.java:43)
	at java.base/java.lang.reflect.Method.invoke(Method.java:568)
	at io.appium.java_client.remote.AppiumCommandExecutor$1.createSession(AppiumCommandExecutor.java:193)
	... 37 more
Caused by: org.openqa.selenium.WebDriverException: Unable to parse remote response: <html>
<head><title>504 Gateway Time-out</title></head>
<body>
<center><h1>504 Gateway Time-out</h1></center>
<hr><center>nginx/1.21.6</center>
</body>
</html>

	at org.openqa.selenium.remote.ProtocolHandshake.createSession(ProtocolHandshake.java:115)
	... 42 more
Caused by: org.openqa.selenium.json.JsonException: Unable to determine type from: <. Last 1 characters read: <
Build info: version: '3.141.59', revision: 'e82be7d358', time: '2018-11-14T08:17:03'
System info: host: 'DERIW50N0099', ip: '10.216.75.16', os.name: 'Windows 10', os.arch: 'amd64', os.version: '10.0', java.version: '17.0.6'
Driver info: driver.version: MobileDriver
	at org.openqa.selenium.json.JsonInput.peek(JsonInput.java:122)
	at org.openqa.selenium.json.JsonTypeCoercer.lambda$null$6(JsonTypeCoercer.java:140)
	at org.openqa.selenium.json.JsonTypeCoercer.coerce(JsonTypeCoercer.java:126)
	at org.openqa.selenium.json.Json.toType(Json.java:69)
	at org.openqa.selenium.json.Json.toType(Json.java:55)
	at org.openqa.selenium.json.Json.toType(Json.java:50)
	at org.openqa.selenium.remote.ProtocolHandshake.createSession(ProtocolHandshake.java:112)
	... 42 more
[INFO] 2023-06-06 18:51:33,028 [main]  com.zensar.automation.framework.driver.MobileDriver afterSuite - Device has Released1c2a7048120c7ece
[INFO] 2023-06-07 14:33:47,697 [main]  com.zensar.automation.library.TestPropReader loadAllProperties - Loading all properties in progress..
[INFO] 2023-06-07 14:33:47,700 [main]  com.zensar.automation.framework.library.PropertyReader loadDefaultProperties - Loading default properties file...
[DEBUG] 2023-06-07 14:33:47,701 [main]  com.zensar.automation.framework.library.PropertyReader loadDefaultProperties - Default properties file path=.\Default.properties
[INFO] 2023-06-07 14:33:47,702 [main]  com.zensar.automation.framework.library.PropertyReader loadDefaultProperties - loading completed for Default properties
[INFO] 2023-06-07 14:33:47,702 [main]  com.zensar.automation.framework.library.PropertyReader loadGameProperties - Loading Test Environment properties file..
[DEBUG] 2023-06-07 14:33:47,704 [main]  com.zensar.automation.framework.library.PropertyReader loadGameProperties - Test Environment properties file path=./FinerReelsofLifeWowPot\Config\TestEnv.properties
[INFO] 2023-06-07 14:33:47,705 [main]  com.zensar.automation.framework.library.PropertyReader loadGameProperties - loading completed for Test Environment properties
[INFO] 2023-06-07 14:33:47,958 [TestNG-tests-1]  com.zensar.automation.framework.driver.MobileDriver test - Automation Execution stared for mobile....
[INFO] 2023-06-07 14:33:47,960 [TestNG-tests-1]  com.zensar.automation.framework.driver.MobileDriver test - Selenium Grid Url :: https://devicefarm.gametechnology.io/wd/hub
[INFO] 2023-06-07 14:33:47,961 [TestNG-tests-1]  com.zensar.automation.framework.library.Global cfnRootPath - Setting nessary path....
[INFO] 2023-06-07 14:33:48,095 [TestNG-tests-1]  com.zensar.automation.framework.driver.MobileDriver test - About to release device as no script is marked as run in Suit.xml
[INFO] 2023-06-07 14:33:48,097 [TestNG-tests-1]  com.zensar.automation.framework.driver.MobileDriver test - Run flag found true...
[DEBUG] 2023-06-07 14:33:48,110 [TestNG-tests-1]  com.zensar.automation.framework.driver.MobileDriver test - randomWait :: 29564
[ERROR] 2023-06-07 14:34:50,005 [TestNG-tests-1]  com.zensar.automation.framework.driver.MobileDriver test - Exception in Mobile Driver
org.openqa.selenium.SessionNotCreatedException: Unable to create a new remote session. Please check the server log for more details. Original error: Unable to parse remote response: <html>
<head><title>504 Gateway Time-out</title></head>
<body>
<center><h1>504 Gateway Time-out</h1></center>
<hr><center>nginx/1.21.6</center>
</body>
</html>

Build info: version: '3.141.59', revision: 'e82be7d358', time: '2018-11-14T08:17:03'
System info: host: 'DERIW50N0099', ip: '10.216.75.16', os.name: 'Windows 10', os.arch: 'amd64', os.version: '10.0', java.version: '17.0.6'
Driver info: driver.version: MobileDriver
	at io.appium.java_client.remote.AppiumCommandExecutor$1.createSession(AppiumCommandExecutor.java:216)
	at io.appium.java_client.remote.AppiumCommandExecutor.createSession(AppiumCommandExecutor.java:225)
	at io.appium.java_client.remote.AppiumCommandExecutor.execute(AppiumCommandExecutor.java:250)
	at org.openqa.selenium.remote.RemoteWebDriver.execute(RemoteWebDriver.java:552)
	at io.appium.java_client.DefaultGenericMobileDriver.execute(DefaultGenericMobileDriver.java:41)
	at io.appium.java_client.AppiumDriver.execute(AppiumDriver.java:1)
	at io.appium.java_client.android.AndroidDriver.execute(AndroidDriver.java:1)
	at org.openqa.selenium.remote.RemoteWebDriver.startSession(RemoteWebDriver.java:213)
	at io.appium.java_client.AppiumDriver.startSession(AppiumDriver.java:363)
	at org.openqa.selenium.remote.RemoteWebDriver.<init>(RemoteWebDriver.java:131)
	at io.appium.java_client.DefaultGenericMobileDriver.<init>(DefaultGenericMobileDriver.java:37)
	at io.appium.java_client.AppiumDriver.<init>(AppiumDriver.java:89)
	at io.appium.java_client.AppiumDriver.<init>(AppiumDriver.java:99)
	at io.appium.java_client.android.AndroidDriver.<init>(AndroidDriver.java:97)
	at com.zensar.automation.framework.driver.MobileDriver.test(MobileDriver.java:230)
	at java.base/jdk.internal.reflect.NativeMethodAccessorImpl.invoke0(Native Method)
	at java.base/jdk.internal.reflect.NativeMethodAccessorImpl.invoke(NativeMethodAccessorImpl.java:77)
	at java.base/jdk.internal.reflect.DelegatingMethodAccessorImpl.invoke(DelegatingMethodAccessorImpl.java:43)
	at java.base/java.lang.reflect.Method.invoke(Method.java:568)
	at org.testng.internal.MethodInvocationHelper.invokeMethod(MethodInvocationHelper.java:133)
	at org.testng.internal.TestInvoker.invokeMethod(TestInvoker.java:598)
	at org.testng.internal.TestInvoker.invokeTestMethod(TestInvoker.java:173)
	at org.testng.internal.MethodRunner.runInSequence(MethodRunner.java:46)
	at org.testng.internal.TestInvoker$MethodInvocationAgent.invoke(TestInvoker.java:824)
	at org.testng.internal.TestInvoker.invokeTestMethods(TestInvoker.java:146)
	at org.testng.internal.TestMethodWorker.invokeTestMethods(TestMethodWorker.java:146)
	at org.testng.internal.TestMethodWorker.run(TestMethodWorker.java:128)
	at java.base/java.util.ArrayList.forEach(ArrayList.java:1511)
	at org.testng.TestRunner.privateRun(TestRunner.java:794)
	at org.testng.TestRunner.run(TestRunner.java:596)
	at org.testng.SuiteRunner.runTest(SuiteRunner.java:377)
	at org.testng.SuiteRunner.access$000(SuiteRunner.java:28)
	at org.testng.SuiteRunner$SuiteWorker.run(SuiteRunner.java:418)
	at org.testng.internal.thread.ThreadUtil.lambda$execute$0(ThreadUtil.java:64)
	at java.base/java.util.concurrent.FutureTask.run(FutureTask.java:264)
	at java.base/java.util.concurrent.ThreadPoolExecutor.runWorker(ThreadPoolExecutor.java:1136)
	at java.base/java.util.concurrent.ThreadPoolExecutor$Worker.run(ThreadPoolExecutor.java:635)
	at java.base/java.lang.Thread.run(Thread.java:833)
Caused by: java.lang.reflect.InvocationTargetException
	at java.base/jdk.internal.reflect.NativeMethodAccessorImpl.invoke0(Native Method)
	at java.base/jdk.internal.reflect.NativeMethodAccessorImpl.invoke(NativeMethodAccessorImpl.java:77)
	at java.base/jdk.internal.reflect.DelegatingMethodAccessorImpl.invoke(DelegatingMethodAccessorImpl.java:43)
	at java.base/java.lang.reflect.Method.invoke(Method.java:568)
	at io.appium.java_client.remote.AppiumCommandExecutor$1.createSession(AppiumCommandExecutor.java:193)
	... 37 more
Caused by: org.openqa.selenium.WebDriverException: Unable to parse remote response: <html>
<head><title>504 Gateway Time-out</title></head>
<body>
<center><h1>504 Gateway Time-out</h1></center>
<hr><center>nginx/1.21.6</center>
</body>
</html>

	at org.openqa.selenium.remote.ProtocolHandshake.createSession(ProtocolHandshake.java:115)
	... 42 more
Caused by: org.openqa.selenium.json.JsonException: Unable to determine type from: <. Last 1 characters read: <
Build info: version: '3.141.59', revision: 'e82be7d358', time: '2018-11-14T08:17:03'
System info: host: 'DERIW50N0099', ip: '10.216.75.16', os.name: 'Windows 10', os.arch: 'amd64', os.version: '10.0', java.version: '17.0.6'
Driver info: driver.version: MobileDriver
	at org.openqa.selenium.json.JsonInput.peek(JsonInput.java:122)
	at org.openqa.selenium.json.JsonTypeCoercer.lambda$null$6(JsonTypeCoercer.java:140)
	at org.openqa.selenium.json.JsonTypeCoercer.coerce(JsonTypeCoercer.java:126)
	at org.openqa.selenium.json.Json.toType(Json.java:69)
	at org.openqa.selenium.json.Json.toType(Json.java:55)
	at org.openqa.selenium.json.Json.toType(Json.java:50)
	at org.openqa.selenium.remote.ProtocolHandshake.createSession(ProtocolHandshake.java:112)
	... 42 more
[INFO] 2023-06-07 14:34:50,032 [main]  com.zensar.automation.framework.driver.MobileDriver afterSuite - Device has Released1c2a7048120c7ece
[INFO] 2023-06-07 14:44:54,639 [main]  com.zensar.automation.library.TestPropReader loadAllProperties - Loading all properties in progress..
[INFO] 2023-06-07 14:44:54,642 [main]  com.zensar.automation.framework.library.PropertyReader loadDefaultProperties - Loading default properties file...
[DEBUG] 2023-06-07 14:44:54,643 [main]  com.zensar.automation.framework.library.PropertyReader loadDefaultProperties - Default properties file path=.\Default.properties
[INFO] 2023-06-07 14:44:54,644 [main]  com.zensar.automation.framework.library.PropertyReader loadDefaultProperties - loading completed for Default properties
[INFO] 2023-06-07 14:44:54,644 [main]  com.zensar.automation.framework.library.PropertyReader loadGameProperties - Loading Test Environment properties file..
[DEBUG] 2023-06-07 14:44:54,645 [main]  com.zensar.automation.framework.library.PropertyReader loadGameProperties - Test Environment properties file path=./FinerReelsofLifeWowPot\Config\TestEnv.properties
[INFO] 2023-06-07 14:44:54,646 [main]  com.zensar.automation.framework.library.PropertyReader loadGameProperties - loading completed for Test Environment properties
[INFO] 2023-06-07 14:44:54,902 [TestNG-tests-1]  com.zensar.automation.framework.driver.MobileDriver test - Automation Execution stared for mobile....
[INFO] 2023-06-07 14:44:54,904 [TestNG-tests-1]  com.zensar.automation.framework.driver.MobileDriver test - Selenium Grid Url :: https://devicefarm.gametechnology.io/wd/hub
[INFO] 2023-06-07 14:44:54,905 [TestNG-tests-1]  com.zensar.automation.framework.library.Global cfnRootPath - Setting nessary path....
[INFO] 2023-06-07 14:44:55,039 [TestNG-tests-1]  com.zensar.automation.framework.driver.MobileDriver test - About to release device as no script is marked as run in Suit.xml
[INFO] 2023-06-07 14:44:55,041 [TestNG-tests-1]  com.zensar.automation.framework.driver.MobileDriver test - Run flag found true...
[DEBUG] 2023-06-07 14:44:55,053 [TestNG-tests-1]  com.zensar.automation.framework.driver.MobileDriver test - randomWait :: 23798
[ERROR] 2023-06-07 14:45:57,001 [TestNG-tests-1]  com.zensar.automation.framework.driver.MobileDriver test - Exception in Mobile Driver
org.openqa.selenium.SessionNotCreatedException: Unable to create a new remote session. Please check the server log for more details. Original error: Unable to parse remote response: <html>
<head><title>504 Gateway Time-out</title></head>
<body>
<center><h1>504 Gateway Time-out</h1></center>
<hr><center>nginx/1.21.6</center>
</body>
</html>

Build info: version: '3.141.59', revision: 'e82be7d358', time: '2018-11-14T08:17:03'
System info: host: 'DERIW50N0099', ip: '10.216.75.16', os.name: 'Windows 10', os.arch: 'amd64', os.version: '10.0', java.version: '17.0.6'
Driver info: driver.version: MobileDriver
	at io.appium.java_client.remote.AppiumCommandExecutor$1.createSession(AppiumCommandExecutor.java:216)
	at io.appium.java_client.remote.AppiumCommandExecutor.createSession(AppiumCommandExecutor.java:225)
	at io.appium.java_client.remote.AppiumCommandExecutor.execute(AppiumCommandExecutor.java:250)
	at org.openqa.selenium.remote.RemoteWebDriver.execute(RemoteWebDriver.java:552)
	at io.appium.java_client.DefaultGenericMobileDriver.execute(DefaultGenericMobileDriver.java:41)
	at io.appium.java_client.AppiumDriver.execute(AppiumDriver.java:1)
	at io.appium.java_client.android.AndroidDriver.execute(AndroidDriver.java:1)
	at org.openqa.selenium.remote.RemoteWebDriver.startSession(RemoteWebDriver.java:213)
	at io.appium.java_client.AppiumDriver.startSession(AppiumDriver.java:363)
	at org.openqa.selenium.remote.RemoteWebDriver.<init>(RemoteWebDriver.java:131)
	at io.appium.java_client.DefaultGenericMobileDriver.<init>(DefaultGenericMobileDriver.java:37)
	at io.appium.java_client.AppiumDriver.<init>(AppiumDriver.java:89)
	at io.appium.java_client.AppiumDriver.<init>(AppiumDriver.java:99)
	at io.appium.java_client.android.AndroidDriver.<init>(AndroidDriver.java:97)
	at com.zensar.automation.framework.driver.MobileDriver.test(MobileDriver.java:230)
	at java.base/jdk.internal.reflect.NativeMethodAccessorImpl.invoke0(Native Method)
	at java.base/jdk.internal.reflect.NativeMethodAccessorImpl.invoke(NativeMethodAccessorImpl.java:77)
	at java.base/jdk.internal.reflect.DelegatingMethodAccessorImpl.invoke(DelegatingMethodAccessorImpl.java:43)
	at java.base/java.lang.reflect.Method.invoke(Method.java:568)
	at org.testng.internal.MethodInvocationHelper.invokeMethod(MethodInvocationHelper.java:133)
	at org.testng.internal.TestInvoker.invokeMethod(TestInvoker.java:598)
	at org.testng.internal.TestInvoker.invokeTestMethod(TestInvoker.java:173)
	at org.testng.internal.MethodRunner.runInSequence(MethodRunner.java:46)
	at org.testng.internal.TestInvoker$MethodInvocationAgent.invoke(TestInvoker.java:824)
	at org.testng.internal.TestInvoker.invokeTestMethods(TestInvoker.java:146)
	at org.testng.internal.TestMethodWorker.invokeTestMethods(TestMethodWorker.java:146)
	at org.testng.internal.TestMethodWorker.run(TestMethodWorker.java:128)
	at java.base/java.util.ArrayList.forEach(ArrayList.java:1511)
	at org.testng.TestRunner.privateRun(TestRunner.java:794)
	at org.testng.TestRunner.run(TestRunner.java:596)
	at org.testng.SuiteRunner.runTest(SuiteRunner.java:377)
	at org.testng.SuiteRunner.access$000(SuiteRunner.java:28)
	at org.testng.SuiteRunner$SuiteWorker.run(SuiteRunner.java:418)
	at org.testng.internal.thread.ThreadUtil.lambda$execute$0(ThreadUtil.java:64)
	at java.base/java.util.concurrent.FutureTask.run(FutureTask.java:264)
	at java.base/java.util.concurrent.ThreadPoolExecutor.runWorker(ThreadPoolExecutor.java:1136)
	at java.base/java.util.concurrent.ThreadPoolExecutor$Worker.run(ThreadPoolExecutor.java:635)
	at java.base/java.lang.Thread.run(Thread.java:833)
Caused by: java.lang.reflect.InvocationTargetException
	at java.base/jdk.internal.reflect.NativeMethodAccessorImpl.invoke0(Native Method)
	at java.base/jdk.internal.reflect.NativeMethodAccessorImpl.invoke(NativeMethodAccessorImpl.java:77)
	at java.base/jdk.internal.reflect.DelegatingMethodAccessorImpl.invoke(DelegatingMethodAccessorImpl.java:43)
	at java.base/java.lang.reflect.Method.invoke(Method.java:568)
	at io.appium.java_client.remote.AppiumCommandExecutor$1.createSession(AppiumCommandExecutor.java:193)
	... 37 more
Caused by: org.openqa.selenium.WebDriverException: Unable to parse remote response: <html>
<head><title>504 Gateway Time-out</title></head>
<body>
<center><h1>504 Gateway Time-out</h1></center>
<hr><center>nginx/1.21.6</center>
</body>
</html>

	at org.openqa.selenium.remote.ProtocolHandshake.createSession(ProtocolHandshake.java:115)
	... 42 more
Caused by: org.openqa.selenium.json.JsonException: Unable to determine type from: <. Last 1 characters read: <
Build info: version: '3.141.59', revision: 'e82be7d358', time: '2018-11-14T08:17:03'
System info: host: 'DERIW50N0099', ip: '10.216.75.16', os.name: 'Windows 10', os.arch: 'amd64', os.version: '10.0', java.version: '17.0.6'
Driver info: driver.version: MobileDriver
	at org.openqa.selenium.json.JsonInput.peek(JsonInput.java:122)
	at org.openqa.selenium.json.JsonTypeCoercer.lambda$null$6(JsonTypeCoercer.java:140)
	at org.openqa.selenium.json.JsonTypeCoercer.coerce(JsonTypeCoercer.java:126)
	at org.openqa.selenium.json.Json.toType(Json.java:69)
	at org.openqa.selenium.json.Json.toType(Json.java:55)
	at org.openqa.selenium.json.Json.toType(Json.java:50)
	at org.openqa.selenium.remote.ProtocolHandshake.createSession(ProtocolHandshake.java:112)
	... 42 more
[INFO] 2023-06-07 14:45:57,027 [main]  com.zensar.automation.framework.driver.MobileDriver afterSuite - Device has Released1c2a7048120c7ece
[INFO] 2023-06-07 14:51:14,851 [main]  com.zensar.automation.library.TestPropReader loadAllProperties - Loading all properties in progress..
[INFO] 2023-06-07 14:51:14,854 [main]  com.zensar.automation.framework.library.PropertyReader loadDefaultProperties - Loading default properties file...
[DEBUG] 2023-06-07 14:51:14,855 [main]  com.zensar.automation.framework.library.PropertyReader loadDefaultProperties - Default properties file path=.\Default.properties
[INFO] 2023-06-07 14:51:14,856 [main]  com.zensar.automation.framework.library.PropertyReader loadDefaultProperties - loading completed for Default properties
[INFO] 2023-06-07 14:51:14,856 [main]  com.zensar.automation.framework.library.PropertyReader loadGameProperties - Loading Test Environment properties file..
[DEBUG] 2023-06-07 14:51:14,857 [main]  com.zensar.automation.framework.library.PropertyReader loadGameProperties - Test Environment properties file path=./FinerReelsofLifeWowPot\Config\TestEnv.properties
[INFO] 2023-06-07 14:51:14,858 [main]  com.zensar.automation.framework.library.PropertyReader loadGameProperties - loading completed for Test Environment properties
[INFO] 2023-06-07 14:51:15,114 [TestNG-tests-1]  com.zensar.automation.framework.driver.MobileDriver test - Automation Execution stared for mobile....
[INFO] 2023-06-07 14:51:15,116 [TestNG-tests-1]  com.zensar.automation.framework.driver.MobileDriver test - Selenium Grid Url :: https://devicefarm.gametechnology.io/wd/hub
[INFO] 2023-06-07 14:51:15,117 [TestNG-tests-1]  com.zensar.automation.framework.library.Global cfnRootPath - Setting nessary path....
[INFO] 2023-06-07 14:51:15,252 [TestNG-tests-1]  com.zensar.automation.framework.driver.MobileDriver test - About to release device as no script is marked as run in Suit.xml
[INFO] 2023-06-07 14:51:15,254 [TestNG-tests-1]  com.zensar.automation.framework.driver.MobileDriver test - Run flag found true...
[DEBUG] 2023-06-07 14:51:15,266 [TestNG-tests-1]  com.zensar.automation.framework.driver.MobileDriver test - randomWait :: 23544
[ERROR] 2023-06-07 14:51:17,414 [TestNG-tests-1]  com.zensar.automation.framework.driver.MobileDriver test - Exception in Mobile Driver
org.openqa.selenium.SessionNotCreatedException: Unable to create a new remote session. Please check the server log for more details. Original error: Error forwarding the new session cannot find : Capabilities {appium:chromeOptions: {w3c: false}, automationName: UIAutomator2, browserName: Chrome, chromedriverExecutableDir: /root/chromedrivers/, deviceName: 00008101-000E3C4A1E90001E, devicefarm:authToken: 1f17832ec7a54b45b76135f5cbf..., devicefarm:deviceTimeout: 25200000, newCommandTimeout: 600000, platformName: android, platformVersion: 12, udid: 00008101-000E3C4A1E90001E}
Command duration or timeout: 1.86 seconds
Build info: version: '3.141.59', revision: 'e82be7d358', time: '2018-11-14T08:17:03'
System info: host: 'DERIW50N0099', ip: '10.216.75.16', os.name: 'Windows 10', os.arch: 'amd64', os.version: '10.0', java.version: '17.0.6'
Driver info: driver.version: MobileDriver
Build info: version: '3.141.59', revision: 'e82be7d358', time: '2018-11-14T08:17:03'
System info: host: 'DERIW50N0099', ip: '10.216.75.16', os.name: 'Windows 10', os.arch: 'amd64', os.version: '10.0', java.version: '17.0.6'
Driver info: driver.version: MobileDriver
	at io.appium.java_client.remote.AppiumCommandExecutor$1.createSession(AppiumCommandExecutor.java:216)
	at io.appium.java_client.remote.AppiumCommandExecutor.createSession(AppiumCommandExecutor.java:225)
	at io.appium.java_client.remote.AppiumCommandExecutor.execute(AppiumCommandExecutor.java:250)
	at org.openqa.selenium.remote.RemoteWebDriver.execute(RemoteWebDriver.java:552)
	at io.appium.java_client.DefaultGenericMobileDriver.execute(DefaultGenericMobileDriver.java:41)
	at io.appium.java_client.AppiumDriver.execute(AppiumDriver.java:1)
	at io.appium.java_client.android.AndroidDriver.execute(AndroidDriver.java:1)
	at org.openqa.selenium.remote.RemoteWebDriver.startSession(RemoteWebDriver.java:213)
	at io.appium.java_client.AppiumDriver.startSession(AppiumDriver.java:363)
	at org.openqa.selenium.remote.RemoteWebDriver.<init>(RemoteWebDriver.java:131)
	at io.appium.java_client.DefaultGenericMobileDriver.<init>(DefaultGenericMobileDriver.java:37)
	at io.appium.java_client.AppiumDriver.<init>(AppiumDriver.java:89)
	at io.appium.java_client.AppiumDriver.<init>(AppiumDriver.java:99)
	at io.appium.java_client.android.AndroidDriver.<init>(AndroidDriver.java:97)
	at com.zensar.automation.framework.driver.MobileDriver.test(MobileDriver.java:230)
	at java.base/jdk.internal.reflect.NativeMethodAccessorImpl.invoke0(Native Method)
	at java.base/jdk.internal.reflect.NativeMethodAccessorImpl.invoke(NativeMethodAccessorImpl.java:77)
	at java.base/jdk.internal.reflect.DelegatingMethodAccessorImpl.invoke(DelegatingMethodAccessorImpl.java:43)
	at java.base/java.lang.reflect.Method.invoke(Method.java:568)
	at org.testng.internal.MethodInvocationHelper.invokeMethod(MethodInvocationHelper.java:133)
	at org.testng.internal.TestInvoker.invokeMethod(TestInvoker.java:598)
	at org.testng.internal.TestInvoker.invokeTestMethod(TestInvoker.java:173)
	at org.testng.internal.MethodRunner.runInSequence(MethodRunner.java:46)
	at org.testng.internal.TestInvoker$MethodInvocationAgent.invoke(TestInvoker.java:824)
	at org.testng.internal.TestInvoker.invokeTestMethods(TestInvoker.java:146)
	at org.testng.internal.TestMethodWorker.invokeTestMethods(TestMethodWorker.java:146)
	at org.testng.internal.TestMethodWorker.run(TestMethodWorker.java:128)
	at java.base/java.util.ArrayList.forEach(ArrayList.java:1511)
	at org.testng.TestRunner.privateRun(TestRunner.java:794)
	at org.testng.TestRunner.run(TestRunner.java:596)
	at org.testng.SuiteRunner.runTest(SuiteRunner.java:377)
	at org.testng.SuiteRunner.access$000(SuiteRunner.java:28)
	at org.testng.SuiteRunner$SuiteWorker.run(SuiteRunner.java:418)
	at org.testng.internal.thread.ThreadUtil.lambda$execute$0(ThreadUtil.java:64)
	at java.base/java.util.concurrent.FutureTask.run(FutureTask.java:264)
	at java.base/java.util.concurrent.ThreadPoolExecutor.runWorker(ThreadPoolExecutor.java:1136)
	at java.base/java.util.concurrent.ThreadPoolExecutor$Worker.run(ThreadPoolExecutor.java:635)
	at java.base/java.lang.Thread.run(Thread.java:833)
Caused by: java.lang.reflect.InvocationTargetException
	at java.base/jdk.internal.reflect.NativeMethodAccessorImpl.invoke0(Native Method)
	at java.base/jdk.internal.reflect.NativeMethodAccessorImpl.invoke(NativeMethodAccessorImpl.java:77)
	at java.base/jdk.internal.reflect.DelegatingMethodAccessorImpl.invoke(DelegatingMethodAccessorImpl.java:43)
	at java.base/java.lang.reflect.Method.invoke(Method.java:568)
	at io.appium.java_client.remote.AppiumCommandExecutor$1.createSession(AppiumCommandExecutor.java:193)
	... 37 more
Caused by: org.openqa.selenium.WebDriverException: Error forwarding the new session cannot find : Capabilities {appium:chromeOptions: {w3c: false}, automationName: UIAutomator2, browserName: Chrome, chromedriverExecutableDir: /root/chromedrivers/, deviceName: 00008101-000E3C4A1E90001E, devicefarm:authToken: 1f17832ec7a54b45b76135f5cbf..., devicefarm:deviceTimeout: 25200000, newCommandTimeout: 600000, platformName: android, platformVersion: 12, udid: 00008101-000E3C4A1E90001E}
Command duration or timeout: 1.86 seconds
Build info: version: '3.141.59', revision: 'e82be7d358', time: '2018-11-14T08:17:03'
System info: host: 'DERIW50N0099', ip: '10.216.75.16', os.name: 'Windows 10', os.arch: 'amd64', os.version: '10.0', java.version: '17.0.6'
Driver info: driver.version: MobileDriver
	at java.base/jdk.internal.reflect.NativeConstructorAccessorImpl.newInstance0(Native Method)
	at java.base/jdk.internal.reflect.NativeConstructorAccessorImpl.newInstance(NativeConstructorAccessorImpl.java:77)
	at java.base/jdk.internal.reflect.DelegatingConstructorAccessorImpl.newInstance(DelegatingConstructorAccessorImpl.java:45)
	at java.base/java.lang.reflect.Constructor.newInstanceWithCaller(Constructor.java:499)
	at java.base/java.lang.reflect.Constructor.newInstance(Constructor.java:480)
	at org.openqa.selenium.remote.ErrorHandler.createThrowable(ErrorHandler.java:214)
	at org.openqa.selenium.remote.ErrorHandler.throwIfResponseFailed(ErrorHandler.java:166)
	at org.openqa.selenium.remote.JsonWireProtocolResponse.lambda$errorHandler$0(JsonWireProtocolResponse.java:54)
	at org.openqa.selenium.remote.HandshakeResponse.lambda$getResponseFunction$0(HandshakeResponse.java:30)
	at org.openqa.selenium.remote.ProtocolHandshake.lambda$createSession$0(ProtocolHandshake.java:126)
	at java.base/java.util.stream.ReferencePipeline$3$1.accept(ReferencePipeline.java:197)
	at java.base/java.util.Spliterators$ArraySpliterator.tryAdvance(Spliterators.java:1002)
	at java.base/java.util.stream.ReferencePipeline.forEachWithCancel(ReferencePipeline.java:129)
	at java.base/java.util.stream.AbstractPipeline.copyIntoWithCancel(AbstractPipeline.java:527)
	at java.base/java.util.stream.AbstractPipeline.copyInto(AbstractPipeline.java:513)
	at java.base/java.util.stream.AbstractPipeline.wrapAndCopyInto(AbstractPipeline.java:499)
	at java.base/java.util.stream.FindOps$FindOp.evaluateSequential(FindOps.java:150)
	at java.base/java.util.stream.AbstractPipeline.evaluate(AbstractPipeline.java:234)
	at java.base/java.util.stream.ReferencePipeline.findFirst(ReferencePipeline.java:647)
	at org.openqa.selenium.remote.ProtocolHandshake.createSession(ProtocolHandshake.java:128)
	... 42 more
Caused by: org.openqa.grid.common.exception.GridException: Error forwarding the new session cannot find : Capabilities {appium:chromeOptions: {w3c: false}, automationName: UIAutomator2, browserName: Chrome, chromedriverExecutableDir: /root/chromedrivers/, deviceName: 00008101-000E3C4A1E90001E, devicefarm:authToken: 1f17832ec7a54b45b76135f5cbf..., devicefarm:deviceTimeout: 25200000, newCommandTimeout: 600000, platformName: android, platformVersion: 12, udid: 00008101-000E3C4A1E90001E}
	at org.openqa.grid.web.servlet.handler.RequestHandler.process(RequestHandler.java:118)
	at org.openqa.grid.web.servlet.DriverServlet.process(DriverServlet.java:85)
	at org.openqa.grid.web.servlet.DriverServlet.doPost(DriverServlet.java:69)
	at javax.servlet.http.HttpServlet.service(HttpServlet.java:707)
	at javax.servlet.http.HttpServlet.service(HttpServlet.java:790)
	at org.seleniumhq.jetty9.servlet.ServletHolder.handle(ServletHolder.java:865)
	at org.seleniumhq.jetty9.servlet.ServletHandler.doHandle(ServletHandler.java:535)
	at org.seleniumhq.jetty9.server.handler.ScopedHandler.handle(ScopedHandler.java:146)
	at org.seleniumhq.jetty9.security.SecurityHandler.handle(SecurityHandler.java:548)
	at org.seleniumhq.jetty9.server.handler.HandlerWrapper.handle(HandlerWrapper.java:132)
	at org.seleniumhq.jetty9.server.handler.ScopedHandler.nextHandle(ScopedHandler.java:257)
	at org.seleniumhq.jetty9.server.session.SessionHandler.doHandle(SessionHandler.java:1595)
	at org.seleniumhq.jetty9.server.handler.ScopedHandler.nextHandle(ScopedHandler.java:255)
	at org.seleniumhq.jetty9.server.handler.ContextHandler.doHandle(ContextHandler.java:1340)
	at org.seleniumhq.jetty9.server.handler.ScopedHandler.nextScope(ScopedHandler.java:203)
	at org.seleniumhq.jetty9.servlet.ServletHandler.doScope(ServletHandler.java:473)
	at org.seleniumhq.jetty9.server.session.SessionHandler.doScope(SessionHandler.java:1564)
	at org.seleniumhq.jetty9.server.handler.ScopedHandler.nextScope(ScopedHandler.java:201)
	at org.seleniumhq.jetty9.server.handler.ContextHandler.doScope(ContextHandler.java:1242)
	at org.seleniumhq.jetty9.server.handler.ScopedHandler.handle(ScopedHandler.java:144)
	at org.seleniumhq.jetty9.server.handler.HandlerWrapper.handle(HandlerWrapper.java:132)
	at org.seleniumhq.jetty9.server.Server.handle(Server.java:503)
	at org.seleniumhq.jetty9.server.HttpChannel.handle(HttpChannel.java:364)
	at org.seleniumhq.jetty9.server.HttpConnection.onFillable(HttpConnection.java:260)
	at org.seleniumhq.jetty9.io.AbstractConnection$ReadCallback.succeeded(AbstractConnection.java:305)
	at org.seleniumhq.jetty9.io.FillInterest.fillable(FillInterest.java:103)
	at org.seleniumhq.jetty9.io.ChannelEndPoint$2.run(ChannelEndPoint.java:118)
	at org.seleniumhq.jetty9.util.thread.strategy.EatWhatYouKill.runTask(EatWhatYouKill.java:333)
	at org.seleniumhq.jetty9.util.thread.strategy.EatWhatYouKill.doProduce(EatWhatYouKill.java:310)
	at org.seleniumhq.jetty9.util.thread.strategy.EatWhatYouKill.tryProduce(EatWhatYouKill.java:168)
	at org.seleniumhq.jetty9.util.thread.strategy.EatWhatYouKill.run(EatWhatYouKill.java:126)
	at org.seleniumhq.jetty9.util.thread.ReservedThreadExecutor$ReservedThread.run(ReservedThreadExecutor.java:366)
	at org.seleniumhq.jetty9.util.thread.QueuedThreadPool.runJob(QueuedThreadPool.java:765)
	at org.seleniumhq.jetty9.util.thread.QueuedThreadPool$2.run(QueuedThreadPool.java:683)
	at java.lang.Thread.run(Thread.java:748)
[INFO] 2023-06-07 14:51:17,449 [main]  com.zensar.automation.framework.driver.MobileDriver afterSuite - Device has Released00008101-000E3C4A1E90001E
